{"/Users/Codename007/Travel-Planner/spec/directions-spec.js":{"path":"/Users/Codename007/Travel-Planner/spec/directions-spec.js","s":{"1":1,"2":1,"3":1,"4":1,"5":0,"6":0,"7":0,"8":0,"9":0,"10":0,"11":0,"12":0,"13":0,"14":0,"15":0,"16":0,"17":0,"18":0,"19":0,"20":0,"21":0,"22":0,"23":0,"24":0,"25":0,"26":0,"27":0,"28":0,"29":0,"30":0,"31":0},"b":{"1":[0,0]},"f":{"1":0,"2":0,"3":0,"4":0,"5":0},"fnMap":{"1":{"name":"(anonymous_1)","line":7,"loc":{"start":{"line":7,"column":55},"end":{"line":7,"column":66}}},"2":{"name":"(anonymous_2)","line":10,"loc":{"start":{"line":10,"column":30},"end":{"line":10,"column":60}}},"3":{"name":"(anonymous_3)","line":31,"loc":{"start":{"line":31,"column":40},"end":{"line":31,"column":56}}},"4":{"name":"(anonymous_4)","line":41,"loc":{"start":{"line":41,"column":40},"end":{"line":41,"column":56}}},"5":{"name":"(anonymous_5)","line":51,"loc":{"start":{"line":51,"column":52},"end":{"line":51,"column":68}}}},"statementMap":{"1":{"start":{"line":3,"column":0},"end":{"line":3,"column":24}},"2":{"start":{"line":4,"column":0},"end":{"line":4,"column":32}},"3":{"start":{"line":5,"column":0},"end":{"line":5,"column":49}},"4":{"start":{"line":7,"column":0},"end":{"line":62,"column":2}},"5":{"start":{"line":10,"column":1},"end":{"line":29,"column":4}},"6":{"start":{"line":12,"column":2},"end":{"line":27,"column":5}},"7":{"start":{"line":14,"column":4},"end":{"line":14,"column":24}},"8":{"start":{"line":16,"column":4},"end":{"line":16,"column":79}},"9":{"start":{"line":18,"column":4},"end":{"line":18,"column":33}},"10":{"start":{"line":20,"column":4},"end":{"line":25,"column":5}},"11":{"start":{"line":20,"column":31},"end":{"line":20,"column":68}},"12":{"start":{"line":23,"column":5},"end":{"line":23,"column":59}},"13":{"start":{"line":24,"column":5},"end":{"line":24,"column":19}},"14":{"start":{"line":31,"column":1},"end":{"line":39,"column":3}},"15":{"start":{"line":32,"column":2},"end":{"line":38,"column":4}},"16":{"start":{"line":33,"column":3},"end":{"line":33,"column":33}},"17":{"start":{"line":34,"column":3},"end":{"line":34,"column":9}},"18":{"start":{"line":36,"column":3},"end":{"line":36,"column":21}},"19":{"start":{"line":37,"column":3},"end":{"line":37,"column":9}},"20":{"start":{"line":41,"column":1},"end":{"line":49,"column":3}},"21":{"start":{"line":42,"column":2},"end":{"line":48,"column":4}},"22":{"start":{"line":43,"column":3},"end":{"line":43,"column":41}},"23":{"start":{"line":44,"column":3},"end":{"line":44,"column":9}},"24":{"start":{"line":46,"column":3},"end":{"line":46,"column":21}},"25":{"start":{"line":47,"column":3},"end":{"line":47,"column":9}},"26":{"start":{"line":51,"column":1},"end":{"line":59,"column":3}},"27":{"start":{"line":52,"column":2},"end":{"line":58,"column":4}},"28":{"start":{"line":53,"column":3},"end":{"line":53,"column":34}},"29":{"start":{"line":54,"column":3},"end":{"line":54,"column":9}},"30":{"start":{"line":56,"column":3},"end":{"line":56,"column":21}},"31":{"start":{"line":57,"column":3},"end":{"line":57,"column":9}}},"branchMap":{"1":{"line":20,"type":"if","locations":[{"start":{"line":20,"column":4},"end":{"line":20,"column":4}},{"start":{"line":20,"column":4},"end":{"line":20,"column":4}}]}}},"/Users/Codename007/Travel-Planner/modules/directions.js":{"path":"/Users/Codename007/Travel-Planner/modules/directions.js","s":{"1":1,"2":1,"3":1,"4":0,"5":0,"6":0,"7":0,"8":1,"9":0,"10":0,"11":0,"12":0,"13":1,"14":0,"15":0,"16":0,"17":0,"18":1,"19":0,"20":0,"21":0,"22":0,"23":0,"24":0,"25":0,"26":0,"27":1,"28":0,"29":0,"30":0,"31":0,"32":0,"33":0,"34":0,"35":0,"36":0,"37":0,"38":0,"39":0},"b":{"1":[0,0],"2":[0,0]},"f":{"1":0},"fnMap":{"1":{"name":"apiCall","line":111,"loc":{"start":{"line":111,"column":0},"end":{"line":111,"column":38}}}},"statementMap":{"1":{"start":{"line":8,"column":0},"end":{"line":8,"column":34}},"2":{"start":{"line":9,"column":0},"end":{"line":9,"column":40}},"3":{"start":{"line":20,"column":0},"end":{"line":33,"column":1}},"4":{"start":{"line":22,"column":1},"end":{"line":30,"column":3}},"5":{"start":{"line":24,"column":2},"end":{"line":28,"column":4}},"6":{"start":{"line":25,"column":3},"end":{"line":25,"column":32}},"7":{"start":{"line":27,"column":3},"end":{"line":27,"column":16}},"8":{"start":{"line":42,"column":0},"end":{"line":52,"column":1}},"9":{"start":{"line":43,"column":1},"end":{"line":51,"column":3}},"10":{"start":{"line":45,"column":2},"end":{"line":49,"column":4}},"11":{"start":{"line":46,"column":3},"end":{"line":46,"column":32}},"12":{"start":{"line":48,"column":3},"end":{"line":48,"column":16}},"13":{"start":{"line":61,"column":0},"end":{"line":72,"column":1}},"14":{"start":{"line":63,"column":1},"end":{"line":71,"column":3}},"15":{"start":{"line":65,"column":2},"end":{"line":69,"column":4}},"16":{"start":{"line":66,"column":3},"end":{"line":66,"column":31}},"17":{"start":{"line":68,"column":3},"end":{"line":68,"column":16}},"18":{"start":{"line":82,"column":0},"end":{"line":103,"column":1}},"19":{"start":{"line":84,"column":1},"end":{"line":100,"column":3}},"20":{"start":{"line":86,"column":2},"end":{"line":98,"column":4}},"21":{"start":{"line":87,"column":3},"end":{"line":87,"column":19}},"22":{"start":{"line":88,"column":3},"end":{"line":88,"column":41}},"23":{"start":{"line":90,"column":3},"end":{"line":92,"column":4}},"24":{"start":{"line":91,"column":4},"end":{"line":91,"column":172}},"25":{"start":{"line":94,"column":3},"end":{"line":94,"column":17}},"26":{"start":{"line":97,"column":3},"end":{"line":97,"column":16}},"27":{"start":{"line":111,"column":0},"end":{"line":133,"column":1}},"28":{"start":{"line":112,"column":1},"end":{"line":131,"column":3}},"29":{"start":{"line":114,"column":2},"end":{"line":114,"column":22}},"30":{"start":{"line":115,"column":2},"end":{"line":115,"column":122}},"31":{"start":{"line":116,"column":2},"end":{"line":116,"column":18}},"32":{"start":{"line":118,"column":2},"end":{"line":129,"column":4}},"33":{"start":{"line":119,"column":3},"end":{"line":119,"column":49}},"34":{"start":{"line":119,"column":12},"end":{"line":119,"column":49}},"35":{"start":{"line":120,"column":4},"end":{"line":120,"column":33}},"36":{"start":{"line":122,"column":3},"end":{"line":127,"column":4}},"37":{"start":{"line":122,"column":30},"end":{"line":122,"column":67}},"38":{"start":{"line":125,"column":4},"end":{"line":125,"column":58}},"39":{"start":{"line":126,"column":4},"end":{"line":126,"column":18}}},"branchMap":{"1":{"line":119,"type":"if","locations":[{"start":{"line":119,"column":3},"end":{"line":119,"column":3}},{"start":{"line":119,"column":3},"end":{"line":119,"column":3}}]},"2":{"line":122,"type":"if","locations":[{"start":{"line":122,"column":3},"end":{"line":122,"column":3}},{"start":{"line":122,"column":3},"end":{"line":122,"column":3}}]}}}}