{"/Users/Codename007/Travel-Planner/modules/directions.js":{"path":"/Users/Codename007/Travel-Planner/modules/directions.js","s":{"1":2,"2":2,"3":2,"4":2,"5":2,"6":1,"7":1,"8":1,"9":2,"10":2,"11":2,"12":1,"13":1,"14":1,"15":2,"16":2,"17":2,"18":1,"19":1,"20":1,"21":2,"22":2,"23":2,"24":1,"25":1,"26":1,"27":1,"28":23,"29":1,"30":1,"31":1,"32":0,"33":0,"34":0,"35":0,"36":0,"37":0,"38":0,"39":0,"40":1,"41":4,"42":4,"43":4,"44":0,"45":4,"46":4},"b":{"1":[0,0],"2":[0,4]},"f":{"1":0,"2":4},"fnMap":{"1":{"name":"apiCall","line":121,"loc":{"start":{"line":121,"column":0},"end":{"line":121,"column":38}}},"2":{"name":"refineData","line":144,"loc":{"start":{"line":144,"column":0},"end":{"line":144,"column":26}}}},"statementMap":{"1":{"start":{"line":8,"column":0},"end":{"line":8,"column":34}},"2":{"start":{"line":9,"column":0},"end":{"line":9,"column":40}},"3":{"start":{"line":20,"column":0},"end":{"line":35,"column":1}},"4":{"start":{"line":22,"column":1},"end":{"line":32,"column":3}},"5":{"start":{"line":24,"column":2},"end":{"line":30,"column":4}},"6":{"start":{"line":25,"column":3},"end":{"line":25,"column":28}},"7":{"start":{"line":27,"column":3},"end":{"line":27,"column":32}},"8":{"start":{"line":29,"column":3},"end":{"line":29,"column":16}},"9":{"start":{"line":44,"column":0},"end":{"line":56,"column":1}},"10":{"start":{"line":45,"column":1},"end":{"line":55,"column":3}},"11":{"start":{"line":47,"column":2},"end":{"line":53,"column":4}},"12":{"start":{"line":48,"column":3},"end":{"line":48,"column":28}},"13":{"start":{"line":50,"column":3},"end":{"line":50,"column":32}},"14":{"start":{"line":52,"column":3},"end":{"line":52,"column":16}},"15":{"start":{"line":65,"column":0},"end":{"line":78,"column":1}},"16":{"start":{"line":67,"column":1},"end":{"line":77,"column":3}},"17":{"start":{"line":69,"column":2},"end":{"line":75,"column":4}},"18":{"start":{"line":70,"column":3},"end":{"line":70,"column":28}},"19":{"start":{"line":72,"column":3},"end":{"line":72,"column":31}},"20":{"start":{"line":74,"column":3},"end":{"line":74,"column":16}},"21":{"start":{"line":88,"column":0},"end":{"line":113,"column":1}},"22":{"start":{"line":90,"column":1},"end":{"line":110,"column":3}},"23":{"start":{"line":92,"column":2},"end":{"line":108,"column":4}},"24":{"start":{"line":94,"column":3},"end":{"line":94,"column":28}},"25":{"start":{"line":97,"column":3},"end":{"line":97,"column":19}},"26":{"start":{"line":98,"column":3},"end":{"line":98,"column":41}},"27":{"start":{"line":100,"column":3},"end":{"line":102,"column":4}},"28":{"start":{"line":101,"column":4},"end":{"line":101,"column":172}},"29":{"start":{"line":104,"column":3},"end":{"line":104,"column":17}},"30":{"start":{"line":107,"column":3},"end":{"line":107,"column":16}},"31":{"start":{"line":121,"column":0},"end":{"line":136,"column":1}},"32":{"start":{"line":122,"column":1},"end":{"line":134,"column":3}},"33":{"start":{"line":124,"column":2},"end":{"line":124,"column":122}},"34":{"start":{"line":125,"column":2},"end":{"line":125,"column":18}},"35":{"start":{"line":127,"column":2},"end":{"line":132,"column":4}},"36":{"start":{"line":128,"column":3},"end":{"line":128,"column":49}},"37":{"start":{"line":128,"column":12},"end":{"line":128,"column":49}},"38":{"start":{"line":129,"column":3},"end":{"line":129,"column":32}},"39":{"start":{"line":130,"column":3},"end":{"line":130,"column":16}},"40":{"start":{"line":144,"column":0},"end":{"line":158,"column":1}},"41":{"start":{"line":145,"column":1},"end":{"line":155,"column":3}},"42":{"start":{"line":146,"column":2},"end":{"line":146,"column":22}},"43":{"start":{"line":148,"column":2},"end":{"line":153,"column":3}},"44":{"start":{"line":148,"column":29},"end":{"line":148,"column":66}},"45":{"start":{"line":151,"column":3},"end":{"line":151,"column":57}},"46":{"start":{"line":152,"column":3},"end":{"line":152,"column":17}}},"branchMap":{"1":{"line":128,"type":"if","locations":[{"start":{"line":128,"column":3},"end":{"line":128,"column":3}},{"start":{"line":128,"column":3},"end":{"line":128,"column":3}}]},"2":{"line":148,"type":"if","locations":[{"start":{"line":148,"column":2},"end":{"line":148,"column":2}},{"start":{"line":148,"column":2},"end":{"line":148,"column":2}}]}}},"/Users/Codename007/Travel-Planner/modules/persistence.js":{"path":"/Users/Codename007/Travel-Planner/modules/persistence.js","s":{"1":1,"2":1,"3":3,"4":3,"5":2,"6":1,"7":1,"8":1,"9":0,"10":1,"11":1,"12":1,"13":1,"14":2,"15":2,"16":2,"17":0,"18":2,"19":1,"20":2,"21":1,"22":1,"23":1,"24":1,"25":0,"26":1,"27":1,"28":2,"29":2,"30":1,"31":1,"32":0,"33":1,"34":1,"35":1,"36":2,"37":2,"38":2,"39":0,"40":2,"41":1,"42":2,"43":1,"44":0,"45":0,"46":0,"47":0,"48":0,"49":0,"50":0,"51":0,"52":1,"53":0,"54":0,"55":0,"56":0,"57":0,"58":1,"59":0,"60":0,"61":0,"62":0,"63":0,"64":0,"65":0,"66":0},"b":{"1":[2,1],"2":[3,3,2,2,2],"3":[0,1],"4":[0,2],"5":[1,1],"6":[0,1],"7":[1,1],"8":[2,2,1,1],"9":[0,1],"10":[0,2],"11":[1,1],"12":[0,0],"13":[0,0],"14":[0,0],"15":[0,0],"16":[0,0],"17":[0,0]},"f":{"1":2},"fnMap":{"1":{"name":"preferenceExists","line":74,"loc":{"start":{"line":74,"column":0},"end":{"line":74,"column":39}}}},"statementMap":{"1":{"start":{"line":3,"column":0},"end":{"line":3,"column":54}},"2":{"start":{"line":6,"column":0},"end":{"line":28,"column":2}},"3":{"start":{"line":6,"column":39},"end":{"line":28,"column":2}},"4":{"start":{"line":8,"column":1},"end":{"line":27,"column":2}},"5":{"start":{"line":10,"column":2},"end":{"line":22,"column":4}},"6":{"start":{"line":12,"column":3},"end":{"line":12,"column":53}},"7":{"start":{"line":14,"column":3},"end":{"line":19,"column":5}},"8":{"start":{"line":15,"column":4},"end":{"line":17,"column":5}},"9":{"start":{"line":16,"column":5},"end":{"line":16,"column":46}},"10":{"start":{"line":18,"column":4},"end":{"line":18,"column":30}},"11":{"start":{"line":21,"column":3},"end":{"line":21,"column":16}},"12":{"start":{"line":26,"column":2},"end":{"line":26,"column":38}},"13":{"start":{"line":30,"column":0},"end":{"line":40,"column":2}},"14":{"start":{"line":30,"column":34},"end":{"line":40,"column":2}},"15":{"start":{"line":32,"column":1},"end":{"line":37,"column":3}},"16":{"start":{"line":34,"column":2},"end":{"line":34,"column":48}},"17":{"start":{"line":34,"column":11},"end":{"line":34,"column":48}},"18":{"start":{"line":35,"column":2},"end":{"line":35,"column":57}},"19":{"start":{"line":35,"column":27},"end":{"line":35,"column":57}},"20":{"start":{"line":36,"column":2},"end":{"line":36,"column":22}},"21":{"start":{"line":43,"column":0},"end":{"line":54,"column":2}},"22":{"start":{"line":43,"column":27},"end":{"line":54,"column":2}},"23":{"start":{"line":45,"column":1},"end":{"line":50,"column":3}},"24":{"start":{"line":47,"column":2},"end":{"line":47,"column":79}},"25":{"start":{"line":47,"column":10},"end":{"line":47,"column":79}},"26":{"start":{"line":48,"column":2},"end":{"line":48,"column":49}},"27":{"start":{"line":57,"column":0},"end":{"line":72,"column":2}},"28":{"start":{"line":57,"column":35},"end":{"line":72,"column":2}},"29":{"start":{"line":59,"column":1},"end":{"line":69,"column":42}},"30":{"start":{"line":61,"column":2},"end":{"line":65,"column":4}},"31":{"start":{"line":63,"column":3},"end":{"line":63,"column":68}},"32":{"start":{"line":63,"column":11},"end":{"line":63,"column":68}},"33":{"start":{"line":64,"column":3},"end":{"line":64,"column":66}},"34":{"start":{"line":69,"column":6},"end":{"line":69,"column":42}},"35":{"start":{"line":74,"column":0},"end":{"line":88,"column":1}},"36":{"start":{"line":75,"column":1},"end":{"line":85,"column":3}},"37":{"start":{"line":77,"column":2},"end":{"line":82,"column":3}},"38":{"start":{"line":79,"column":2},"end":{"line":79,"column":48}},"39":{"start":{"line":79,"column":11},"end":{"line":79,"column":48}},"40":{"start":{"line":80,"column":2},"end":{"line":80,"column":37}},"41":{"start":{"line":80,"column":27},"end":{"line":80,"column":37}},"42":{"start":{"line":81,"column":2},"end":{"line":81,"column":37}},"43":{"start":{"line":90,"column":0},"end":{"line":107,"column":2}},"44":{"start":{"line":90,"column":32},"end":{"line":107,"column":2}},"45":{"start":{"line":92,"column":1},"end":{"line":106,"column":2}},"46":{"start":{"line":93,"column":2},"end":{"line":93,"column":45}},"47":{"start":{"line":95,"column":2},"end":{"line":101,"column":4}},"48":{"start":{"line":96,"column":3},"end":{"line":98,"column":4}},"49":{"start":{"line":97,"column":4},"end":{"line":97,"column":47}},"50":{"start":{"line":100,"column":3},"end":{"line":100,"column":28}},"51":{"start":{"line":105,"column":2},"end":{"line":105,"column":42}},"52":{"start":{"line":109,"column":0},"end":{"line":114,"column":2}},"53":{"start":{"line":109,"column":36},"end":{"line":114,"column":2}},"54":{"start":{"line":110,"column":1},"end":{"line":113,"column":3}},"55":{"start":{"line":111,"column":2},"end":{"line":111,"column":67}},"56":{"start":{"line":111,"column":23},"end":{"line":111,"column":67}},"57":{"start":{"line":112,"column":2},"end":{"line":112,"column":11}},"58":{"start":{"line":116,"column":0},"end":{"line":125,"column":2}},"59":{"start":{"line":116,"column":34},"end":{"line":125,"column":2}},"60":{"start":{"line":117,"column":1},"end":{"line":124,"column":3}},"61":{"start":{"line":118,"column":2},"end":{"line":118,"column":46}},"62":{"start":{"line":118,"column":11},"end":{"line":118,"column":46}},"63":{"start":{"line":119,"column":2},"end":{"line":119,"column":57}},"64":{"start":{"line":119,"column":20},"end":{"line":119,"column":57}},"65":{"start":{"line":120,"column":2},"end":{"line":120,"column":32}},"66":{"start":{"line":121,"column":2},"end":{"line":121,"column":19}}},"branchMap":{"1":{"line":8,"type":"if","locations":[{"start":{"line":8,"column":1},"end":{"line":8,"column":1}},{"start":{"line":8,"column":1},"end":{"line":8,"column":1}}]},"2":{"line":8,"type":"binary-expr","locations":[{"start":{"line":8,"column":4},"end":{"line":8,"column":22}},{"start":{"line":8,"column":26},"end":{"line":8,"column":48}},{"start":{"line":8,"column":52},"end":{"line":8,"column":65}},{"start":{"line":8,"column":69},"end":{"line":8,"column":79}},{"start":{"line":8,"column":83},"end":{"line":8,"column":107}}]},"3":{"line":15,"type":"if","locations":[{"start":{"line":15,"column":4},"end":{"line":15,"column":4}},{"start":{"line":15,"column":4},"end":{"line":15,"column":4}}]},"4":{"line":34,"type":"if","locations":[{"start":{"line":34,"column":2},"end":{"line":34,"column":2}},{"start":{"line":34,"column":2},"end":{"line":34,"column":2}}]},"5":{"line":35,"type":"if","locations":[{"start":{"line":35,"column":2},"end":{"line":35,"column":2}},{"start":{"line":35,"column":2},"end":{"line":35,"column":2}}]},"6":{"line":47,"type":"if","locations":[{"start":{"line":47,"column":2},"end":{"line":47,"column":2}},{"start":{"line":47,"column":2},"end":{"line":47,"column":2}}]},"7":{"line":59,"type":"if","locations":[{"start":{"line":59,"column":1},"end":{"line":59,"column":1}},{"start":{"line":59,"column":1},"end":{"line":59,"column":1}}]},"8":{"line":59,"type":"binary-expr","locations":[{"start":{"line":59,"column":4},"end":{"line":59,"column":22}},{"start":{"line":59,"column":26},"end":{"line":59,"column":48}},{"start":{"line":59,"column":52},"end":{"line":59,"column":79}},{"start":{"line":59,"column":83},"end":{"line":59,"column":107}}]},"9":{"line":63,"type":"if","locations":[{"start":{"line":63,"column":3},"end":{"line":63,"column":3}},{"start":{"line":63,"column":3},"end":{"line":63,"column":3}}]},"10":{"line":79,"type":"if","locations":[{"start":{"line":79,"column":2},"end":{"line":79,"column":2}},{"start":{"line":79,"column":2},"end":{"line":79,"column":2}}]},"11":{"line":80,"type":"if","locations":[{"start":{"line":80,"column":2},"end":{"line":80,"column":2}},{"start":{"line":80,"column":2},"end":{"line":80,"column":2}}]},"12":{"line":92,"type":"if","locations":[{"start":{"line":92,"column":1},"end":{"line":92,"column":1}},{"start":{"line":92,"column":1},"end":{"line":92,"column":1}}]},"13":{"line":92,"type":"binary-expr","locations":[{"start":{"line":92,"column":5},"end":{"line":92,"column":26}},{"start":{"line":92,"column":30},"end":{"line":92,"column":51}}]},"14":{"line":96,"type":"if","locations":[{"start":{"line":96,"column":3},"end":{"line":96,"column":3}},{"start":{"line":96,"column":3},"end":{"line":96,"column":3}}]},"15":{"line":111,"type":"if","locations":[{"start":{"line":111,"column":2},"end":{"line":111,"column":2}},{"start":{"line":111,"column":2},"end":{"line":111,"column":2}}]},"16":{"line":118,"type":"if","locations":[{"start":{"line":118,"column":2},"end":{"line":118,"column":2}},{"start":{"line":118,"column":2},"end":{"line":118,"column":2}}]},"17":{"line":119,"type":"if","locations":[{"start":{"line":119,"column":2},"end":{"line":119,"column":2}},{"start":{"line":119,"column":2},"end":{"line":119,"column":2}}]}}},"/Users/Codename007/Travel-Planner/modules/weather.js":{"path":"/Users/Codename007/Travel-Planner/modules/weather.js","s":{"1":1,"2":1,"3":1,"4":1,"5":1,"6":3,"7":3,"8":2,"9":2,"10":1,"11":1,"12":0,"13":0,"14":0,"15":0,"16":0,"17":0,"18":0,"19":0,"20":1,"21":2,"22":2,"23":2,"24":16,"25":2,"26":2},"b":{"1":[0,0]},"f":{"1":0,"2":2},"fnMap":{"1":{"name":"apiCall","line":48,"loc":{"start":{"line":48,"column":0},"end":{"line":48,"column":27}}},"2":{"name":"processData","line":71,"loc":{"start":{"line":71,"column":0},"end":{"line":71,"column":26}}}},"statementMap":{"1":{"start":{"line":3,"column":0},"end":{"line":3,"column":34}},"2":{"start":{"line":6,"column":0},"end":{"line":6,"column":17}},"3":{"start":{"line":7,"column":0},"end":{"line":7,"column":13}},"4":{"start":{"line":16,"column":0},"end":{"line":16,"column":48}},"5":{"start":{"line":24,"column":0},"end":{"line":39,"column":1}},"6":{"start":{"line":26,"column":1},"end":{"line":36,"column":3}},"7":{"start":{"line":28,"column":2},"end":{"line":34,"column":4}},"8":{"start":{"line":29,"column":3},"end":{"line":29,"column":29}},"9":{"start":{"line":31,"column":3},"end":{"line":31,"column":18}},"10":{"start":{"line":33,"column":3},"end":{"line":33,"column":16}},"11":{"start":{"line":48,"column":0},"end":{"line":63,"column":1}},"12":{"start":{"line":50,"column":1},"end":{"line":61,"column":3}},"13":{"start":{"line":52,"column":2},"end":{"line":52,"column":109}},"14":{"start":{"line":53,"column":2},"end":{"line":53,"column":18}},"15":{"start":{"line":55,"column":2},"end":{"line":60,"column":4}},"16":{"start":{"line":56,"column":3},"end":{"line":56,"column":49}},"17":{"start":{"line":56,"column":12},"end":{"line":56,"column":49}},"18":{"start":{"line":58,"column":3},"end":{"line":58,"column":32}},"19":{"start":{"line":59,"column":3},"end":{"line":59,"column":16}},"20":{"start":{"line":71,"column":0},"end":{"line":85,"column":1}},"21":{"start":{"line":72,"column":1},"end":{"line":83,"column":3}},"22":{"start":{"line":74,"column":2},"end":{"line":74,"column":16}},"23":{"start":{"line":77,"column":2},"end":{"line":79,"column":3}},"24":{"start":{"line":78,"column":3},"end":{"line":78,"column":35}},"25":{"start":{"line":81,"column":2},"end":{"line":81,"column":27}},"26":{"start":{"line":82,"column":2},"end":{"line":82,"column":15}}},"branchMap":{"1":{"line":56,"type":"if","locations":[{"start":{"line":56,"column":3},"end":{"line":56,"column":3}},{"start":{"line":56,"column":3},"end":{"line":56,"column":3}}]}}}}