TN:
SF:/Users/Codename007/Travel-Planner/spec/directions-spec.js
FN:7,(anonymous_1)
FN:10,(anonymous_2)
FN:31,(anonymous_3)
FN:41,(anonymous_4)
FN:51,(anonymous_5)
FNF:5
FNH:0
FNDA:0,(anonymous_1)
FNDA:0,(anonymous_2)
FNDA:0,(anonymous_3)
FNDA:0,(anonymous_4)
FNDA:0,(anonymous_5)
DA:3,1
DA:4,1
DA:5,1
DA:7,1
DA:10,0
DA:12,0
DA:14,0
DA:16,0
DA:18,0
DA:20,0
DA:23,0
DA:24,0
DA:31,0
DA:32,0
DA:33,0
DA:34,0
DA:36,0
DA:37,0
DA:41,0
DA:42,0
DA:43,0
DA:44,0
DA:46,0
DA:47,0
DA:51,0
DA:52,0
DA:53,0
DA:54,0
DA:56,0
DA:57,0
LF:30
LH:4
BRDA:20,1,0,0
BRDA:20,1,1,0
BRF:2
BRH:0
end_of_record
TN:
SF:/Users/Codename007/Travel-Planner/modules/directions.js
FN:111,apiCall
FNF:1
FNH:0
FNDA:0,apiCall
DA:8,1
DA:9,1
DA:20,1
DA:22,0
DA:24,0
DA:25,0
DA:27,0
DA:42,1
DA:43,0
DA:45,0
DA:46,0
DA:48,0
DA:61,1
DA:63,0
DA:65,0
DA:66,0
DA:68,0
DA:82,1
DA:84,0
DA:86,0
DA:87,0
DA:88,0
DA:90,0
DA:91,0
DA:94,0
DA:97,0
DA:111,1
DA:112,0
DA:114,0
DA:115,0
DA:116,0
DA:118,0
DA:119,0
DA:120,0
DA:122,0
DA:125,0
DA:126,0
LF:37
LH:7
BRDA:119,1,0,0
BRDA:119,1,1,0
BRDA:122,2,0,0
BRDA:122,2,1,0
BRF:4
BRH:0
end_of_record
