TN:
SF:/Users/Codename007/Travel-Planner/modules/Authorization.js
FNF:0
FNH:0
DA:9,1
DA:13,1
DA:23,3
DA:27,3
DA:28,1
DA:33,3
DA:35,2
DA:36,1
DA:39,2
DA:50,2
DA:51,2
DA:53,2
DA:54,2
DA:65,2
DA:66,2
DA:67,1
DA:69,2
LF:17
LH:17
BRDA:27,1,0,1
BRDA:27,1,1,2
BRDA:27,2,0,3
BRDA:27,2,1,2
BRDA:35,3,0,1
BRDA:35,3,1,1
BRDA:35,4,0,2
BRDA:35,4,1,1
BRDA:66,5,0,1
BRDA:66,5,1,1
BRF:10
BRH:10
end_of_record
TN:
SF:/Users/Codename007/Travel-Planner/modules/directions.js
FN:108,apiCall
FN:131,refineData
FNF:2
FNH:2
FNDA:4,apiCall
FNDA:12,refineData
DA:9,3
DA:10,3
DA:20,3
DA:22,3
DA:23,2
DA:25,1
DA:37,3
DA:39,3
DA:40,2
DA:42,1
DA:54,3
DA:56,3
DA:57,2
DA:59,1
DA:72,3
DA:74,3
DA:76,2
DA:80,2
DA:82,2
DA:83,44
DA:88,46
DA:89,46
DA:90,46
DA:91,46
DA:93,2
DA:96,1
DA:108,1
DA:109,4
DA:111,4
DA:114,4
DA:115,4
DA:116,4
DA:118,4
DA:131,1
DA:132,12
DA:133,12
DA:135,12
DA:138,8
DA:140,8
LF:39
LH:39
BRDA:115,1,0,0
BRDA:115,1,1,4
BRDA:135,2,0,4
BRDA:135,2,1,8
BRF:4
BRH:3
end_of_record
TN:
SF:/Users/Codename007/Travel-Planner/modules/persistence.js
FN:141,preferenceExists
FNF:1
FNH:1
FNDA:5,preferenceExists
DA:10,1
DA:18,2
DA:21,2
DA:22,2
DA:23,2
DA:36,6
DA:40,6
DA:44,5
DA:48,4
DA:50,4
DA:51,4
DA:52,2
DA:54,4
DA:57,1
DA:62,1
DA:72,4
DA:76,4
DA:80,4
DA:81,4
DA:82,4
DA:96,3
DA:98,3
DA:100,3
DA:101,3
DA:115,5
DA:119,5
DA:123,4
DA:125,4
DA:126,4
DA:129,1
DA:141,1
DA:142,5
DA:144,5
DA:146,5
DA:147,5
DA:148,5
DA:163,2
DA:165,2
DA:166,2
DA:167,2
DA:179,3
DA:183,3
DA:184,2
DA:188,2
DA:189,2
DA:190,0
DA:192,2
DA:196,1
DA:207,3
DA:208,3
DA:209,3
DA:210,3
DA:211,3
DA:222,20
DA:224,20
DA:226,20
DA:227,20
DA:228,20
DA:229,20
LF:59
LH:58
BRDA:22,1,0,0
BRDA:22,1,1,2
BRDA:40,2,0,5
BRDA:40,2,1,1
BRDA:40,3,0,6
BRDA:40,3,1,6
BRDA:40,3,2,5
BRDA:40,3,3,5
BRDA:40,3,4,5
BRDA:51,4,0,2
BRDA:51,4,1,2
BRDA:80,5,0,0
BRDA:80,5,1,4
BRDA:81,6,0,2
BRDA:81,6,1,2
BRDA:100,7,0,0
BRDA:100,7,1,3
BRDA:119,8,0,4
BRDA:119,8,1,1
BRDA:119,9,0,5
BRDA:119,9,1,5
BRDA:119,9,2,4
BRDA:119,9,3,4
BRDA:125,10,0,0
BRDA:125,10,1,4
BRDA:146,11,0,0
BRDA:146,11,1,5
BRDA:147,12,0,4
BRDA:147,12,1,1
BRDA:166,13,0,0
BRDA:166,13,1,2
BRDA:183,14,0,2
BRDA:183,14,1,1
BRDA:183,15,0,3
BRDA:183,15,1,3
BRDA:189,16,0,0
BRDA:189,16,1,2
BRDA:209,17,0,0
BRDA:209,17,1,3
BRDA:210,18,0,2
BRDA:210,18,1,1
BRDA:227,19,0,0
BRDA:227,19,1,20
BRDA:228,20,0,17
BRDA:228,20,1,3
BRF:45
BRH:36
end_of_record
TN:
SF:/Users/Codename007/Travel-Planner/preferences.js
FN:29,validateNewJson
FN:50,validateUpdateJson
FN:96,(anonymous_3)
FN:146,(anonymous_4)
FN:160,(anonymous_5)
FN:209,(anonymous_6)
FN:277,(anonymous_7)
FN:345,(anonymous_8)
FN:449,authenticate
FNF:9
FNH:9
FNDA:5,validateNewJson
FNDA:5,validateUpdateJson
FNDA:3,(anonymous_3)
FNDA:1,(anonymous_4)
FNDA:1,(anonymous_5)
FNDA:1,(anonymous_6)
FNDA:1,(anonymous_7)
FNDA:5,(anonymous_8)
FNDA:24,authenticate
DA:10,1
DA:11,1
DA:12,1
DA:13,1
DA:14,1
DA:18,1
DA:20,1
DA:29,1
DA:30,5
DA:31,1
DA:34,4
DA:35,2
DA:38,2
DA:50,1
DA:51,5
DA:53,1
DA:56,4
DA:57,2
DA:60,2
DA:71,2
DA:73,2
DA:75,1
DA:76,1
DA:79,1
DA:92,3
DA:96,3
DA:97,3
DA:102,3
DA:104,2
DA:111,1
DA:112,1
DA:114,1
DA:115,1
DA:116,1
DA:118,1
DA:119,1
DA:121,1
DA:122,1
DA:123,1
DA:124,1
DA:125,1
DA:129,0
DA:146,1
DA:150,1
DA:151,0
DA:160,1
DA:161,1
DA:166,1
DA:183,9
DA:187,9
DA:191,5
DA:195,5
DA:196,3
DA:205,5
DA:209,4
DA:210,1
DA:215,4
DA:218,3
DA:219,3
DA:223,3
DA:225,1
DA:227,1
DA:229,1
DA:231,1
DA:235,2
DA:243,1
DA:252,5
DA:272,6
DA:276,6
DA:277,2
DA:278,1
DA:283,2
DA:284,1
DA:291,2
DA:296,2
DA:297,2
DA:299,2
DA:302,4
DA:323,9
DA:327,9
DA:331,5
DA:335,5
DA:336,3
DA:345,5
DA:346,5
DA:351,5
DA:352,1
DA:361,5
DA:365,4
DA:369,4
DA:371,3
DA:373,3
DA:375,3
DA:376,3
DA:377,3
DA:378,3
DA:380,3
DA:385,0
DA:400,5
DA:418,2
DA:421,2
DA:422,2
DA:426,2
DA:427,1
DA:428,1
DA:430,1
DA:432,1
DA:434,1
DA:436,1
DA:449,1
DA:451,24
DA:455,24
DA:457,24
DA:458,18
DA:459,18
DA:461,15
DA:462,15
DA:464,12
DA:466,12
DA:480,1
DA:482,1
DA:483,1
DA:485,0
DA:496,1
DA:498,1
DA:499,1
DA:500,1
DA:502,0
LF:128
LH:123
BRDA:30,1,0,1
BRDA:30,1,1,4
BRDA:34,2,0,2
BRDA:34,2,1,2
BRDA:34,3,0,4
BRDA:34,3,1,4
BRDA:34,3,2,3
BRDA:51,4,0,1
BRDA:51,4,1,4
BRDA:56,5,0,2
BRDA:56,5,1,2
BRDA:56,6,0,4
BRDA:56,6,1,3
BRDA:102,7,0,2
BRDA:102,7,1,1
BRDA:150,8,0,0
BRDA:150,8,1,1
BRDA:195,9,0,3
BRDA:195,9,1,2
BRDA:215,10,0,3
BRDA:215,10,1,1
BRDA:283,11,0,1
BRDA:283,11,1,1
BRDA:335,12,0,3
BRDA:335,12,1,2
BRDA:351,13,0,1
BRDA:351,13,1,4
BRDA:369,14,0,3
BRDA:369,14,1,1
BRF:29
BRH:28
end_of_record
TN:
SF:/Users/Codename007/Travel-Planner/modules/globals.js
FNF:0
FNH:0
DA:6,1
DA:18,1
DA:24,1
LF:3
LH:3
BRF:0
BRH:0
end_of_record
TN:
SF:/Users/Codename007/Travel-Planner/modules/weather.js
FN:41,apiCall
FN:64,processData
FNF:2
FNH:2
FNDA:1,apiCall
FNDA:3,processData
DA:3,2
DA:7,2
DA:8,2
DA:17,2
DA:24,4
DA:26,4
DA:27,3
DA:29,1
DA:41,1
DA:43,1
DA:45,1
DA:48,1
DA:49,1
DA:51,1
DA:53,1
DA:64,1
DA:65,3
DA:67,3
DA:71,3
DA:72,24
DA:75,3
DA:76,3
LF:22
LH:22
BRDA:49,1,0,0
BRDA:49,1,1,1
BRF:2
BRH:1
end_of_record
